<?xml version="1.0" encoding="UTF-8"?>
<testng-results skipped="0" failed="0" total="2" passed="2">
  <reporter-output>
  </reporter-output>
  <suite name="Default suite" duration-ms="38702" started-at="2016-08-30T10:50:59Z" finished-at="2016-08-30T10:51:37Z">
    <groups>
    </groups>
    <test name="Default test" duration-ms="38702" started-at="2016-08-30T10:50:59Z" finished-at="2016-08-30T10:51:37Z">
      <class name="com.server.reports.jasper.page.JRSTestSuite">
        <test-method status="PASS" signature="init()[pri:0, instance:com.server.reports.jasper.page.JRSTestSuite@51565ec2]" name="init" is-config="true" duration-ms="1297" started-at="2016-08-30T13:50:59Z" finished-at="2016-08-30T13:51:00Z">
          <reporter-output>
          </reporter-output>
        </test-method> <!-- init -->
        <test-method status="PASS" signature="LoginTestCase()[pri:0, instance:com.server.reports.jasper.page.JRSTestSuite@51565ec2]" name="LoginTestCase" duration-ms="15496" started-at="2016-08-30T13:51:00Z" finished-at="2016-08-30T13:51:16Z">
          <reporter-output>
          </reporter-output>
        </test-method> <!-- LoginTestCase -->
        <test-method status="PASS" signature="SecondTestCase()[pri:0, instance:com.server.reports.jasper.page.JRSTestSuite@51565ec2]" name="SecondTestCase" duration-ms="21845" started-at="2016-08-30T13:51:16Z" finished-at="2016-08-30T13:51:37Z">
          <reporter-output>
          </reporter-output>
        </test-method> <!-- SecondTestCase -->
      </class> <!-- com.server.reports.jasper.page.JRSTestSuite -->
    </test> <!-- Default test -->
  </suite> <!-- Default suite -->
</testng-results>
